0 verbose cli [
0 verbose cli   'C:\\Program Files\\nodejs\\node.exe',
0 verbose cli   'C:\\Program Files\\nodejs\\node_modules\\npm\\bin\\npm-cli.js',
0 verbose cli   'stop'
0 verbose cli ]
1 info using npm@8.5.5
2 info using node@v16.15.0
3 timing npm:load:whichnode Completed in 0ms
4 timing config:load:defaults Completed in 2ms
5 timing config:load:file:C:\Program Files\nodejs\node_modules\npm\npmrc Completed in 4ms
6 timing config:load:builtin Completed in 4ms
7 timing config:load:cli Completed in 2ms
8 timing config:load:env Completed in 1ms
9 timing config:load:file:C:\dev\counter-app\.npmrc Completed in 0ms
10 timing config:load:project Completed in 5ms
11 timing config:load:file:C:\Users\David Rose\.npmrc Completed in 0ms
12 timing config:load:user Completed in 0ms
13 timing config:load:file:C:\Users\David Rose\AppData\Roaming\npm\etc\npmrc Completed in 1ms
14 timing config:load:global Completed in 1ms
15 timing config:load:validate Completed in 1ms
16 timing config:load:credentials Completed in 0ms
17 timing config:load:setEnvs Completed in 1ms
18 timing config:load Completed in 19ms
19 timing npm:load:configload Completed in 19ms
20 timing npm:load:setTitle Completed in 0ms
21 timing config:load:flatten Completed in 3ms
22 timing npm:load:display Completed in 4ms
23 verbose logfile C:\dev\counter-app\tmpnodejsnpm-cache\_logs\2022-05-06T08_05_33_201Z-debug-0.log
24 timing npm:load:logFile Completed in 11ms
25 timing npm:load:timers Completed in 0ms
26 timing npm:load:configScope Completed in 0ms
27 timing npm:load Completed in 36ms
28 silly logfile start cleaning logs, removing 2 files
29 timing command:run-script Completed in 7ms
30 timing command:stop Completed in 12ms
31 verbose stack Error: Missing script: "stop"
31 verbose stack
31 verbose stack To see a list of scripts, run:
31 verbose stack   npm run
31 verbose stack     at RunScript.run (C:\Program Files\nodejs\node_modules\npm\lib\commands\run-script.js:96:13)
31 verbose stack     at async module.exports (C:\Program Files\nodejs\node_modules\npm\lib\cli.js:66:5)
32 verbose cwd C:\dev\counter-app
33 verbose Windows_NT 10.0.22000
34 verbose argv "C:\\Program Files\\nodejs\\node.exe" "C:\\Program Files\\nodejs\\node_modules\\npm\\bin\\npm-cli.js" "stop"
35 verbose node v16.15.0
36 verbose npm  v8.5.5
37 error Missing script: "stop"
37 error
37 error To see a list of scripts, run:
37 error   npm run
38 verbose exit 1
39 timing npm Completed in 288ms
40 verbose code 1
41 error A complete log of this run can be found in:
41 error     C:\dev\counter-app\tmpnodejsnpm-cache\_logs\2022-05-06T08_05_33_201Z-debug-0.log
